PID 9317 received SIGSEGV for address: 0x1000001b7
/home/nguyen.van.ky/NguyenVanKy/ltct-backend/node_modules/segfault-handler/build/Release/segfault-handler.node(+0x37a5)[0x7f8ceb8397a5]
/lib/x86_64-linux-gnu/libpthread.so.0(+0x14420)[0x7f8ceb4cd420]
/lib/x86_64-linux-gnu/libssl.so.1.1(SSL_get_peer_certificate+0x17)[0x7f8ce82696f7]
/home/nguyen.van.ky/NguyenVanKy/ltct-backend/node_modules/.prisma/client/libquery_engine-debian-openssl-1.1.x.so.node(+0x569b8d)[0x7f8cd14fab8d]
/home/nguyen.van.ky/NguyenVanKy/ltct-backend/node_modules/.prisma/client/libquery_engine-debian-openssl-1.1.x.so.node(+0x5ba72c)[0x7f8cd154b72c]
/home/nguyen.van.ky/NguyenVanKy/ltct-backend/node_modules/.prisma/client/libquery_engine-debian-openssl-1.1.x.so.node(+0x5b7291)[0x7f8cd1548291]
/home/nguyen.van.ky/NguyenVanKy/ltct-backend/node_modules/.prisma/client/libquery_engine-debian-openssl-1.1.x.so.node(+0x64061e)[0x7f8cd15d161e]
/home/nguyen.van.ky/NguyenVanKy/ltct-backend/node_modules/.prisma/client/libquery_engine-debian-openssl-1.1.x.so.node(+0x84908f)[0x7f8cd17da08f]
/home/nguyen.van.ky/NguyenVanKy/ltct-backend/node_modules/.prisma/client/libquery_engine-debian-openssl-1.1.x.so.node(+0x844cc0)[0x7f8cd17d5cc0]
/home/nguyen.van.ky/NguyenVanKy/ltct-backend/node_modules/.prisma/client/libquery_engine-debian-openssl-1.1.x.so.node(+0x844b86)[0x7f8cd17d5b86]
/home/nguyen.van.ky/NguyenVanKy/ltct-backend/node_modules/.prisma/client/libquery_engine-debian-openssl-1.1.x.so.node(+0x87d0e4)[0x7f8cd180e0e4]
/home/nguyen.van.ky/NguyenVanKy/ltct-backend/node_modules/.prisma/client/libquery_engine-debian-openssl-1.1.x.so.node(+0x8bc6df)[0x7f8cd184d6df]
/home/nguyen.van.ky/NguyenVanKy/ltct-backend/node_modules/.prisma/client/libquery_engine-debian-openssl-1.1.x.so.node(+0x87e81d)[0x7f8cd180f81d]
/home/nguyen.van.ky/NguyenVanKy/ltct-backend/node_modules/.prisma/client/libquery_engine-debian-openssl-1.1.x.so.node(+0x87d312)[0x7f8cd180e312]
/home/nguyen.van.ky/NguyenVanKy/ltct-backend/node_modules/.prisma/client/libquery_engine-debian-openssl-1.1.x.so.node(+0x103e09)[0x7f8cd1094e09]
/home/nguyen.van.ky/NguyenVanKy/ltct-backend/node_modules/.prisma/client/libquery_engine-debian-openssl-1.1.x.so.node(+0xfe503)[0x7f8cd108f503]
/home/nguyen.van.ky/NguyenVanKy/ltct-backend/node_modules/.prisma/client/libquery_engine-debian-openssl-1.1.x.so.node(+0x9149bf)[0x7f8cd18a59bf]
/home/nguyen.van.ky/NguyenVanKy/ltct-backend/node_modules/.prisma/client/libquery_engine-debian-openssl-1.1.x.so.node(+0x91d8db)[0x7f8cd18ae8db]
/home/nguyen.van.ky/NguyenVanKy/ltct-backend/node_modules/.prisma/client/libquery_engine-debian-openssl-1.1.x.so.node(+0x91387c)[0x7f8cd18a487c]
/home/nguyen.van.ky/NguyenVanKy/ltct-backend/node_modules/.prisma/client/libquery_engine-debian-openssl-1.1.x.so.node(+0x9131b7)[0x7f8cd18a41b7]
/home/nguyen.van.ky/NguyenVanKy/ltct-backend/node_modules/.prisma/client/libquery_engine-debian-openssl-1.1.x.so.node(+0x916a44)[0x7f8cd18a7a44]
/home/nguyen.van.ky/NguyenVanKy/ltct-backend/node_modules/.prisma/client/libquery_engine-debian-openssl-1.1.x.so.node(+0x8fcb35)[0x7f8cd188db35]
/lib/x86_64-linux-gnu/libpthread.so.0(+0x8609)[0x7f8ceb4c1609]
/lib/x86_64-linux-gnu/libc.so.6(clone+0x43)[0x7f8ceb3e6133]
